<?xml version="1.0" encoding="UTF-8"?>
<testng-results ignored="0" total="1" passed="1" failed="0" skipped="0">
  <reporter-output>
  </reporter-output>
  <suite started-at="2023-02-17T14:06:16 IST" name="Default suite" finished-at="2023-02-17T14:06:16 IST" duration-ms="99">
    <groups>
    </groups>
    <test started-at="2023-02-17T14:06:16 IST" name="Default test" finished-at="2023-02-17T14:06:16 IST" duration-ms="99">
      <class name="com.Bridgelabz.qa.Selenium.BaseClass">
        <test-method signature="baseClas()[pri:0, instance:com.Bridgelabz.qa.Selenium.BaseClass@609e8838]" started-at="2023-02-17T14:06:16 IST" name="baseClas" finished-at="2023-02-17T14:06:16 IST" duration-ms="22" status="PASS">
          <reporter-output>
          </reporter-output>
        </test-method> <!-- baseClas -->
      </class> <!-- com.Bridgelabz.qa.Selenium.BaseClass -->
    </test> <!-- Default test -->
  </suite> <!-- Default suite -->
</testng-results>
